2020-10-28 18:23:51,691 INFO o.a.j.u.JMeterUtils: Setting Locale to en_EN
2020-10-28 18:23:51,711 INFO o.a.j.JMeter: Loading user properties from: /usr/local/Cellar/jmeter/5.1.1/libexec/bin/user.properties
2020-10-28 18:23:51,712 INFO o.a.j.JMeter: Loading system properties from: /usr/local/Cellar/jmeter/5.1.1/libexec/bin/system.properties
2020-10-28 18:23:51,717 INFO o.a.j.JMeter: Copyright (c) 1998-2019 The Apache Software Foundation
2020-10-28 18:23:51,717 INFO o.a.j.JMeter: Version 5.1.1 r1855137
2020-10-28 18:23:51,717 INFO o.a.j.JMeter: java.version=1.8.0_271
2020-10-28 18:23:51,717 INFO o.a.j.JMeter: java.vm.name=Java HotSpot(TM) 64-Bit Server VM
2020-10-28 18:23:51,717 INFO o.a.j.JMeter: os.name=Mac OS X
2020-10-28 18:23:51,717 INFO o.a.j.JMeter: os.arch=x86_64
2020-10-28 18:23:51,717 INFO o.a.j.JMeter: os.version=10.15.6
2020-10-28 18:23:51,717 INFO o.a.j.JMeter: file.encoding=UTF-8
2020-10-28 18:23:51,717 INFO o.a.j.JMeter: java.awt.headless=null
2020-10-28 18:23:51,717 INFO o.a.j.JMeter: Max memory     =1073741824
2020-10-28 18:23:51,718 INFO o.a.j.JMeter: Available Processors =8
2020-10-28 18:23:51,721 INFO o.a.j.JMeter: Default Locale=English (EN)
2020-10-28 18:23:51,721 INFO o.a.j.JMeter: JMeter  Locale=English (EN)
2020-10-28 18:23:51,721 INFO o.a.j.JMeter: JMeterHome=/usr/local/Cellar/jmeter/5.1.1/libexec
2020-10-28 18:23:51,722 INFO o.a.j.JMeter: user.dir  =/Users/mfernandez/Documents/AutomationTesT03/Automation-Test03
2020-10-28 18:23:51,722 INFO o.a.j.JMeter: PWD       =/Users/mfernandez/Documents/AutomationTesT03/Automation-Test03
2020-10-28 18:23:51,724 INFO o.a.j.JMeter: IP: 127.0.0.1 Name: mordel.local FullName: localhost
