2020-10-28 20:36:20,279 INFO o.a.j.u.JMeterUtils: Setting Locale to en_EN
2020-10-28 20:36:20,298 INFO o.a.j.JMeter: Loading user properties from: /usr/local/Cellar/jmeter/5.1.1/libexec/bin/user.properties
2020-10-28 20:36:20,299 INFO o.a.j.JMeter: Loading system properties from: /usr/local/Cellar/jmeter/5.1.1/libexec/bin/system.properties
2020-10-28 20:36:20,305 INFO o.a.j.JMeter: Copyright (c) 1998-2019 The Apache Software Foundation
2020-10-28 20:36:20,305 INFO o.a.j.JMeter: Version 5.1.1 r1855137
2020-10-28 20:36:20,305 INFO o.a.j.JMeter: java.version=1.8.0_271
2020-10-28 20:36:20,305 INFO o.a.j.JMeter: java.vm.name=Java HotSpot(TM) 64-Bit Server VM
2020-10-28 20:36:20,305 INFO o.a.j.JMeter: os.name=Mac OS X
2020-10-28 20:36:20,305 INFO o.a.j.JMeter: os.arch=x86_64
2020-10-28 20:36:20,305 INFO o.a.j.JMeter: os.version=10.15.6
2020-10-28 20:36:20,305 INFO o.a.j.JMeter: file.encoding=UTF-8
2020-10-28 20:36:20,305 INFO o.a.j.JMeter: java.awt.headless=true
2020-10-28 20:36:20,305 INFO o.a.j.JMeter: Max memory     =1073741824
2020-10-28 20:36:20,306 INFO o.a.j.JMeter: Available Processors =8
2020-10-28 20:36:20,309 INFO o.a.j.JMeter: Default Locale=English (EN)
2020-10-28 20:36:20,310 INFO o.a.j.JMeter: JMeter  Locale=English (EN)
2020-10-28 20:36:20,310 INFO o.a.j.JMeter: JMeterHome=/usr/local/Cellar/jmeter/5.1.1/libexec
2020-10-28 20:36:20,310 INFO o.a.j.JMeter: user.dir  =/Users/mfernandez/Documents/AutomationTesT03/Automation-Test03/load
2020-10-28 20:36:20,310 INFO o.a.j.JMeter: PWD       =/Users/mfernandez/Documents/AutomationTesT03/Automation-Test03/load
2020-10-28 20:36:20,311 INFO o.a.j.JMeter: IP: 127.0.0.1 Name: mordel.local FullName: localhost
2020-10-28 20:36:20,315 INFO o.a.j.s.FileServer: Default base='/Users/mfernandez/Documents/AutomationTesT03/Automation-Test03/load'
2020-10-28 20:36:20,319 INFO o.a.j.s.FileServer: Set new base='/Users/mfernandez/Documents/AutomationTesT03/Automation-Test03/load'
2020-10-28 20:36:20,464 INFO o.a.j.s.SaveService: Testplan (JMX) version: 2.2. Testlog (JTL) version: 2.2
2020-10-28 20:36:20,482 INFO o.a.j.s.SaveService: Using SaveService properties file encoding UTF-8
2020-10-28 20:36:20,488 INFO o.a.j.s.SaveService: Using SaveService properties version 5.0
2020-10-28 20:36:20,495 INFO o.a.j.s.SaveService: Loading file: LoadTesting.jmx
2020-10-28 20:36:20,549 INFO o.a.j.p.h.s.HTTPSamplerBase: Parser for text/html is org.apache.jmeter.protocol.http.parser.LagartoBasedHtmlParser
2020-10-28 20:36:20,549 INFO o.a.j.p.h.s.HTTPSamplerBase: Parser for application/xhtml+xml is org.apache.jmeter.protocol.http.parser.LagartoBasedHtmlParser
2020-10-28 20:36:20,549 INFO o.a.j.p.h.s.HTTPSamplerBase: Parser for application/xml is org.apache.jmeter.protocol.http.parser.LagartoBasedHtmlParser
2020-10-28 20:36:20,549 INFO o.a.j.p.h.s.HTTPSamplerBase: Parser for text/xml is org.apache.jmeter.protocol.http.parser.LagartoBasedHtmlParser
2020-10-28 20:36:20,549 INFO o.a.j.p.h.s.HTTPSamplerBase: Parser for text/vnd.wap.wml is org.apache.jmeter.protocol.http.parser.RegexpHTMLParser
2020-10-28 20:36:20,549 INFO o.a.j.p.h.s.HTTPSamplerBase: Parser for text/css is org.apache.jmeter.protocol.http.parser.CssParser
2020-10-28 20:36:20,585 INFO o.a.j.JMeter: Creating summariser <summary>
2020-10-28 20:36:20,594 INFO o.a.j.e.StandardJMeterEngine: Running the test!
2020-10-28 20:36:20,595 INFO o.a.j.s.SampleEvent: List of sample_variables: []
2020-10-28 20:36:20,595 INFO o.a.j.s.SampleEvent: List of sample_variables: []
2020-10-28 20:36:20,604 INFO o.a.j.e.u.CompoundVariable: Note: Function class names must contain the string: '.functions.'
2020-10-28 20:36:20,605 INFO o.a.j.e.u.CompoundVariable: Note: Function class names must not contain the string: '.gui.'
2020-10-28 20:36:20,966 INFO o.a.j.JMeter: Running test (1603938980966)
2020-10-28 20:36:20,995 INFO o.a.j.e.StandardJMeterEngine: Starting ThreadGroup: 1 : Thread Group
2020-10-28 20:36:20,995 INFO o.a.j.e.StandardJMeterEngine: Starting 1 threads for group Thread Group.
2020-10-28 20:36:20,995 INFO o.a.j.e.StandardJMeterEngine: Thread will continue on error
2020-10-28 20:36:20,996 INFO o.a.j.t.ThreadGroup: Starting thread group... number=1 threads=1 ramp-up=1 delayedStart=false
2020-10-28 20:36:21,000 INFO o.a.j.t.ThreadGroup: Started thread group number 1
2020-10-28 20:36:21,000 INFO o.a.j.e.StandardJMeterEngine: All thread groups have been started
2020-10-28 20:36:21,002 INFO o.a.j.t.JMeterThread: Thread started: Thread Group 1-1
2020-10-28 20:36:21,022 INFO o.a.j.p.h.s.HTTPHCAbstractImpl: Local host = mordel.local
2020-10-28 20:36:21,028 INFO o.a.j.p.h.s.HTTPHC4Impl: HTTP request retry count = 0
2020-10-28 20:36:21,030 INFO o.a.j.s.SampleResult: Note: Sample TimeStamps are START times
2020-10-28 20:36:21,030 INFO o.a.j.s.SampleResult: sampleresult.default.encoding is set to ISO-8859-1
2020-10-28 20:36:21,030 INFO o.a.j.s.SampleResult: sampleresult.useNanoTime=true
2020-10-28 20:36:21,030 INFO o.a.j.s.SampleResult: sampleresult.nanoThreadSleep=5000
2020-10-28 20:36:21,196 INFO o.a.j.p.h.s.h.LazyLayeredConnectionSocketFactory: Setting up HTTPS TrustAll Socket Factory
2020-10-28 20:36:21,203 INFO o.a.j.u.JsseSSLManager: Using default SSL protocol: TLS
2020-10-28 20:36:21,203 INFO o.a.j.u.JsseSSLManager: SSL session context: per-thread
2020-10-28 20:36:21,515 INFO o.a.j.u.SSLManager: JmeterKeyStore Location:  type JKS
2020-10-28 20:36:21,516 INFO o.a.j.u.SSLManager: KeyStore created OK
2020-10-28 20:36:21,516 WARN o.a.j.u.SSLManager: Keystore file not found, loading empty keystore
2020-10-28 20:36:22,252 INFO o.a.j.t.JMeterThread: Thread is done: Thread Group 1-1
2020-10-28 20:36:22,252 INFO o.a.j.t.JMeterThread: Thread finished: Thread Group 1-1
2020-10-28 20:36:22,254 INFO o.a.j.e.StandardJMeterEngine: Notifying test listeners of end of test
2020-10-28 20:36:22,255 INFO o.a.j.r.Summariser: summary =      3 in 00:00:01 =    2.3/s Avg:   373 Min:   115 Max:   886 Err:     0 (0.00%)
